[Mon, 09 Apr 18 00:55:14 +0700][ERROR] [2]: EditController handler class cannot be loaded

[Mon, 09 Apr 18 00:57:33 +0700][ERROR] [2]: EditController handler class cannot be loaded

[Mon, 09 Apr 18 00:57:39 +0700][ERROR] [2]: EditController handler class cannot be loaded

[Mon, 09 Apr 18 00:57:59 +0700][ERROR] [2]: EditController handler class cannot be loaded

[Mon, 09 Apr 18 00:58:31 +0700][ERROR] [2]: EditController handler class cannot be loaded

[Mon, 09 Apr 18 01:13:01 +0700][ERROR] [2]: ImgController handler class cannot be loaded

[Mon, 09 Apr 18 01:13:26 +0700][ERROR] [2]: ImgController handler class cannot be loaded

[Mon, 09 Apr 18 01:13:28 +0700][ERROR] [2]: ImgController handler class cannot be loaded

[Mon, 09 Apr 18 01:34:23 +0700][ERROR] [2]: VendorController handler class cannot be loaded

[Mon, 09 Apr 18 01:34:41 +0700][ERROR] [2]: VendorController handler class cannot be loaded

[Mon, 09 Apr 18 01:37:47 +0700][ERROR] [2]: VendorController handler class cannot be loaded

[Mon, 09 Apr 18 01:37:47 +0700][ERROR] [2]: VendorController handler class cannot be loaded

[Mon, 09 Apr 18 01:38:03 +0700][ERROR] [2]: VendorController handler class cannot be loaded

[Mon, 09 Apr 18 01:38:57 +0700][ERROR] [2]: JsController handler class cannot be loaded

[Mon, 09 Apr 18 01:38:57 +0700][ERROR] [2]: JsController handler class cannot be loaded

[Mon, 09 Apr 18 01:42:14 +0700][ERROR] [2]: VendorController handler class cannot be loaded

[Mon, 09 Apr 18 01:42:14 +0700][ERROR] [2]: VendorController handler class cannot be loaded

[Mon, 09 Apr 18 01:42:15 +0700][ERROR] [2]: VendorController handler class cannot be loaded

[Mon, 09 Apr 18 01:42:15 +0700][ERROR] [2]: VendorController handler class cannot be loaded

[Mon, 09 Apr 18 01:42:17 +0700][ERROR] [2]: VendorController handler class cannot be loaded

[Mon, 09 Apr 18 01:42:17 +0700][ERROR] [2]: VendorController handler class cannot be loaded

[Mon, 09 Apr 18 13:09:30 +0700][ERROR] [2]: CssController handler class cannot be loaded

[Mon, 09 Apr 18 13:09:30 +0700][ERROR] [2]: JsController handler class cannot be loaded

[Mon, 09 Apr 18 13:09:31 +0700][ERROR] [2]: CssController handler class cannot be loaded

[Mon, 09 Apr 18 13:09:52 +0700][ERROR] [2]: CssController handler class cannot be loaded

[Mon, 09 Apr 18 13:09:52 +0700][ERROR] [2]: CssController handler class cannot be loaded

[Mon, 09 Apr 18 13:24:26 +0700][ERROR] [2]: CssController handler class cannot be loaded

[Mon, 09 Apr 18 13:24:26 +0700][ERROR] [2]: CssController handler class cannot be loaded

[Mon, 09 Apr 18 13:29:12 +0700][ERROR] [2]: CssController handler class cannot be loaded

[Mon, 09 Apr 18 13:29:12 +0700][ERROR] [2]: CssController handler class cannot be loaded

[Mon, 09 Apr 18 13:33:54 +0700][ERROR] [2]: CssController handler class cannot be loaded

[Mon, 09 Apr 18 13:33:55 +0700][ERROR] [2]: CssController handler class cannot be loaded

[Mon, 09 Apr 18 13:33:57 +0700][ERROR] [2]: CssController handler class cannot be loaded

[Mon, 09 Apr 18 13:33:57 +0700][ERROR] [2]: CssController handler class cannot be loaded

